<?xml version="1.0" encoding="UTF-8"?>
<!-- Generated by org.testng.reporters.JUnitReportReporter -->
<testsuite hostname="DESKTOP-GDPFCKM" failures="0" tests="1" name="daily_sample.demo_practice.example5" time="24.376" errors="0" timestamp="2022-04-24T21:01:18 IST" skipped="0">
  <testcase classname="daily_sample.demo_practice.example5" name="webtable" time="24.376"/>
  <system-out/>
</testsuite> <!-- daily_sample.demo_practice.example5 -->
